Analysis & Synthesis report for Statistic
Fri Mar 20 15:28:08 2020
Quartus Prime Version 18.1.0 Build 625 09/12/2018 SJ Lite Edition


---------------------
; Table of Contents ;
---------------------
  1. Legal Notice
  2. Analysis & Synthesis Summary
  3. Analysis & Synthesis Settings
  4. Parallel Compilation
  5. Analysis & Synthesis Source Files Read
  6. Analysis & Synthesis Resource Usage Summary
  7. Analysis & Synthesis Resource Utilization by Entity
  8. Registers Removed During Synthesis
  9. General Register Statistics
 10. Multiplexer Restructuring Statistics (Restructuring Performed)
 11. Parameter Settings for User Entity Instance: Top-level Entity: |statistic
 12. Parameter Settings for User Entity Instance: test_datapath:dpath
 13. Parameter Settings for User Entity Instance: test_datapath:dpath|muxsel:mux1
 14. Parameter Settings for User Entity Instance: test_datapath:dpath|muxsel:mux2
 15. Parameter Settings for User Entity Instance: test_datapath:dpath|muxsel:mux3
 16. Parameter Settings for User Entity Instance: test_datapath:dpath|myregister:reg1
 17. Parameter Settings for User Entity Instance: test_datapath:dpath|myregister:reg2
 18. Parameter Settings for User Entity Instance: test_datapath:dpath|myregister:reg3
 19. Parameter Settings for User Entity Instance: test_datapath:dpath|adder_bits_n:sumr
 20. Parameter Settings for User Entity Instance: test_datapath:dpath|myregister:reg4
 21. Parameter Settings for User Entity Instance: test_datapath:dpath|up_counter:upc
 22. Port Connectivity Checks: "test_datapath:dpath|up_counter:upc"
 23. Port Connectivity Checks: "test_datapath:dpath|adder_bits_n:sumr"
 24. Port Connectivity Checks: "test_datapath:dpath|muxsel:mux3"
 25. Port Connectivity Checks: "test_datapath:dpath|muxsel:mux2"
 26. Port Connectivity Checks: "test_datapath:dpath|muxsel:mux1"
 27. Post-Synthesis Netlist Statistics for Top Partition
 28. Elapsed Time Per Partition
 29. Analysis & Synthesis Messages



----------------
; Legal Notice ;
----------------
Copyright (C) 2018  Intel Corporation. All rights reserved.
Your use of Intel Corporation's design tools, logic functions 
and other software and tools, and its AMPP partner logic 
functions, and any output files from any of the foregoing 
(including device programming or simulation files), and any 
associated documentation or information are expressly subject 
to the terms and conditions of the Intel Program License 
Subscription Agreement, the Intel Quartus Prime License Agreement,
the Intel FPGA IP License Agreement, or other applicable license
agreement, including, without limitation, that your use is for
the sole purpose of programming logic devices manufactured by
Intel and sold by Intel or its authorized distributors.  Please
refer to the applicable agreement for further details.



+-------------------------------------------------------------------------------+
; Analysis & Synthesis Summary                                                  ;
+---------------------------------+---------------------------------------------+
; Analysis & Synthesis Status     ; Successful - Fri Mar 20 15:28:08 2020       ;
; Quartus Prime Version           ; 18.1.0 Build 625 09/12/2018 SJ Lite Edition ;
; Revision Name                   ; Statistic                                   ;
; Top-level Entity Name           ; statistic                                   ;
; Family                          ; Cyclone V                                   ;
; Logic utilization (in ALMs)     ; N/A                                         ;
; Total registers                 ; 33                                          ;
; Total pins                      ; 14                                          ;
; Total virtual pins              ; 0                                           ;
; Total block memory bits         ; 0                                           ;
; Total DSP Blocks                ; 0                                           ;
; Total HSSI RX PCSs              ; 0                                           ;
; Total HSSI PMA RX Deserializers ; 0                                           ;
; Total HSSI TX PCSs              ; 0                                           ;
; Total HSSI PMA TX Serializers   ; 0                                           ;
; Total PLLs                      ; 0                                           ;
; Total DLLs                      ; 0                                           ;
+---------------------------------+---------------------------------------------+


+---------------------------------------------------------------------------------------------------------------------------+
; Analysis & Synthesis Settings                                                                                             ;
+---------------------------------------------------------------------------------+--------------------+--------------------+
; Option                                                                          ; Setting            ; Default Value      ;
+---------------------------------------------------------------------------------+--------------------+--------------------+
; Device                                                                          ; 5CGXFC7C7F23C8     ;                    ;
; Top-level entity name                                                           ; statistic          ; Statistic          ;
; Family name                                                                     ; Cyclone V          ; Cyclone V          ;
; Use smart compilation                                                           ; Off                ; Off                ;
; Enable parallel Assembler and Timing Analyzer during compilation                ; On                 ; On                 ;
; Enable compact report table                                                     ; Off                ; Off                ;
; Restructure Multiplexers                                                        ; Auto               ; Auto               ;
; MLAB Add Timing Constraints For Mixed-Port Feed-Through Mode Setting Don't Care ; Off                ; Off                ;
; Create Debugging Nodes for IP Cores                                             ; Off                ; Off                ;
; Preserve fewer node names                                                       ; On                 ; On                 ;
; Intel FPGA IP Evaluation Mode                                                   ; Enable             ; Enable             ;
; Verilog Version                                                                 ; Verilog_2001       ; Verilog_2001       ;
; VHDL Version                                                                    ; VHDL_1993          ; VHDL_1993          ;
; State Machine Processing                                                        ; Auto               ; Auto               ;
; Safe State Machine                                                              ; Off                ; Off                ;
; Extract Verilog State Machines                                                  ; On                 ; On                 ;
; Extract VHDL State Machines                                                     ; On                 ; On                 ;
; Ignore Verilog initial constructs                                               ; Off                ; Off                ;
; Iteration limit for constant Verilog loops                                      ; 5000               ; 5000               ;
; Iteration limit for non-constant Verilog loops                                  ; 250                ; 250                ;
; Add Pass-Through Logic to Inferred RAMs                                         ; On                 ; On                 ;
; Infer RAMs from Raw Logic                                                       ; On                 ; On                 ;
; Parallel Synthesis                                                              ; On                 ; On                 ;
; DSP Block Balancing                                                             ; Auto               ; Auto               ;
; NOT Gate Push-Back                                                              ; On                 ; On                 ;
; Power-Up Don't Care                                                             ; On                 ; On                 ;
; Remove Redundant Logic Cells                                                    ; Off                ; Off                ;
; Remove Duplicate Registers                                                      ; On                 ; On                 ;
; Ignore CARRY Buffers                                                            ; Off                ; Off                ;
; Ignore CASCADE Buffers                                                          ; Off                ; Off                ;
; Ignore GLOBAL Buffers                                                           ; Off                ; Off                ;
; Ignore ROW GLOBAL Buffers                                                       ; Off                ; Off                ;
; Ignore LCELL Buffers                                                            ; Off                ; Off                ;
; Ignore SOFT Buffers                                                             ; On                 ; On                 ;
; Limit AHDL Integers to 32 Bits                                                  ; Off                ; Off                ;
; Optimization Technique                                                          ; Balanced           ; Balanced           ;
; Carry Chain Length                                                              ; 70                 ; 70                 ;
; Auto Carry Chains                                                               ; On                 ; On                 ;
; Auto Open-Drain Pins                                                            ; On                 ; On                 ;
; Perform WYSIWYG Primitive Resynthesis                                           ; Off                ; Off                ;
; Auto ROM Replacement                                                            ; On                 ; On                 ;
; Auto RAM Replacement                                                            ; On                 ; On                 ;
; Auto DSP Block Replacement                                                      ; On                 ; On                 ;
; Auto Shift Register Replacement                                                 ; Auto               ; Auto               ;
; Allow Shift Register Merging across Hierarchies                                 ; Auto               ; Auto               ;
; Auto Clock Enable Replacement                                                   ; On                 ; On                 ;
; Strict RAM Replacement                                                          ; Off                ; Off                ;
; Allow Synchronous Control Signals                                               ; On                 ; On                 ;
; Force Use of Synchronous Clear Signals                                          ; Off                ; Off                ;
; Auto Resource Sharing                                                           ; Off                ; Off                ;
; Allow Any RAM Size For Recognition                                              ; Off                ; Off                ;
; Allow Any ROM Size For Recognition                                              ; Off                ; Off                ;
; Allow Any Shift Register Size For Recognition                                   ; Off                ; Off                ;
; Use LogicLock Constraints during Resource Balancing                             ; On                 ; On                 ;
; Ignore translate_off and synthesis_off directives                               ; Off                ; Off                ;
; Timing-Driven Synthesis                                                         ; On                 ; On                 ;
; Report Parameter Settings                                                       ; On                 ; On                 ;
; Report Source Assignments                                                       ; On                 ; On                 ;
; Report Connectivity Checks                                                      ; On                 ; On                 ;
; Ignore Maximum Fan-Out Assignments                                              ; Off                ; Off                ;
; Synchronization Register Chain Length                                           ; 3                  ; 3                  ;
; Power Optimization During Synthesis                                             ; Normal compilation ; Normal compilation ;
; HDL message level                                                               ; Level2             ; Level2             ;
; Suppress Register Optimization Related Messages                                 ; Off                ; Off                ;
; Number of Removed Registers Reported in Synthesis Report                        ; 5000               ; 5000               ;
; Number of Swept Nodes Reported in Synthesis Report                              ; 5000               ; 5000               ;
; Number of Inverted Registers Reported in Synthesis Report                       ; 100                ; 100                ;
; Clock MUX Protection                                                            ; On                 ; On                 ;
; Auto Gated Clock Conversion                                                     ; Off                ; Off                ;
; Block Design Naming                                                             ; Auto               ; Auto               ;
; SDC constraint protection                                                       ; Off                ; Off                ;
; Synthesis Effort                                                                ; Auto               ; Auto               ;
; Shift Register Replacement - Allow Asynchronous Clear Signal                    ; On                 ; On                 ;
; Pre-Mapping Resynthesis Optimization                                            ; Off                ; Off                ;
; Analysis & Synthesis Message Level                                              ; Medium             ; Medium             ;
; Disable Register Merging Across Hierarchies                                     ; Auto               ; Auto               ;
; Resource Aware Inference For Block RAM                                          ; On                 ; On                 ;
; Automatic Parallel Synthesis                                                    ; On                 ; On                 ;
; Partial Reconfiguration Bitstream ID                                            ; Off                ; Off                ;
+---------------------------------------------------------------------------------+--------------------+--------------------+


+------------------------------------------+
; Parallel Compilation                     ;
+----------------------------+-------------+
; Processors                 ; Number      ;
+----------------------------+-------------+
; Number detected on machine ; 4           ;
; Maximum allowed            ; 2           ;
;                            ;             ;
; Average used               ; 1.00        ;
; Maximum used               ; 2           ;
;                            ;             ;
; Usage by Processor         ; % Time Used ;
;     Processor 1            ; 100.0%      ;
;     Processor 2            ;   0.0%      ;
+----------------------------+-------------+


+--------------------------------------------------------------------------------------------------------------------------------------+
; Analysis & Synthesis Source Files Read                                                                                               ;
+----------------------------------+-----------------+-----------------+-----------------------------------------------------+---------+
; File Name with User-Entered Path ; Used in Netlist ; File Type       ; File Name with Absolute Path                        ; Library ;
+----------------------------------+-----------------+-----------------+-----------------------------------------------------+---------+
; muxsel.vhd                       ; yes             ; User VHDL File  ; E:/Tugas/Semester_4/psd class/hw1/muxsel.vhd        ;         ;
; test_datapath.vhd                ; yes             ; User VHDL File  ; E:/Tugas/Semester_4/psd class/hw1/test_datapath.vhd ;         ;
; myregister.vhd                   ; yes             ; User VHDL File  ; E:/Tugas/Semester_4/psd class/hw1/myregister.vhd    ;         ;
; adder_bits_n.vhd                 ; yes             ; User VHDL File  ; E:/Tugas/Semester_4/psd class/hw1/adder_bits_n.vhd  ;         ;
; full_adder.vhd                   ; yes             ; User VHDL File  ; E:/Tugas/Semester_4/psd class/hw1/full_adder.vhd    ;         ;
; up_counter.vhd                   ; yes             ; User VHDL File  ; E:/Tugas/Semester_4/psd class/hw1/up_counter.vhd    ;         ;
; controller.vhd                   ; yes             ; User VHDL File  ; E:/Tugas/Semester_4/psd class/hw1/controller.vhd    ;         ;
; statistic.vhd                    ; yes             ; User VHDL File  ; E:/Tugas/Semester_4/psd class/hw1/statistic.vhd     ;         ;
+----------------------------------+-----------------+-----------------+-----------------------------------------------------+---------+


+---------------------------------------------------------+
; Analysis & Synthesis Resource Usage Summary             ;
+---------------------------------------------+-----------+
; Resource                                    ; Usage     ;
+---------------------------------------------+-----------+
; Estimate of Logic utilization (ALMs needed) ; 33        ;
;                                             ;           ;
; Combinational ALUT usage for logic          ; 48        ;
;     -- 7 input functions                    ; 1         ;
;     -- 6 input functions                    ; 16        ;
;     -- 5 input functions                    ; 4         ;
;     -- 4 input functions                    ; 8         ;
;     -- <=3 input functions                  ; 19        ;
;                                             ;           ;
; Dedicated logic registers                   ; 33        ;
;                                             ;           ;
; I/O pins                                    ; 14        ;
;                                             ;           ;
; Total DSP Blocks                            ; 0         ;
;                                             ;           ;
; Maximum fan-out node                        ; rst~input ;
; Maximum fan-out                             ; 31        ;
; Total fan-out                               ; 345       ;
; Average fan-out                             ; 3.17      ;
+---------------------------------------------+-----------+


+---------------------------------------------------------------------------------------------------------------------------------------------------------------------------------------------------------------------------------------------------+
; Analysis & Synthesis Resource Utilization by Entity                                                                                                                                                                                               ;
+----------------------------------+---------------------+---------------------------+-------------------+------------+------+--------------+------------------------------------------------------------------------+---------------+--------------+
; Compilation Hierarchy Node       ; Combinational ALUTs ; Dedicated Logic Registers ; Block Memory Bits ; DSP Blocks ; Pins ; Virtual Pins ; Full Hierarchy Name                                                    ; Entity Name   ; Library Name ;
+----------------------------------+---------------------+---------------------------+-------------------+------------+------+--------------+------------------------------------------------------------------------+---------------+--------------+
; |statistic                       ; 48 (0)              ; 33 (0)                    ; 0                 ; 0          ; 14   ; 0            ; |statistic                                                             ; statistic     ; work         ;
;    |controller:contr|            ; 20 (20)             ; 12 (12)                   ; 0                 ; 0          ; 0    ; 0            ; |statistic|controller:contr                                            ; controller    ; work         ;
;    |test_datapath:dpath|         ; 28 (6)              ; 21 (0)                    ; 0                 ; 0          ; 0    ; 0            ; |statistic|test_datapath:dpath                                         ; test_datapath ; work         ;
;       |adder_bits_n:sumr|        ; 4 (0)               ; 0 (0)                     ; 0                 ; 0          ; 0    ; 0            ; |statistic|test_datapath:dpath|adder_bits_n:sumr                       ; adder_bits_n  ; work         ;
;          |full_adder:\FA:1:FA_i| ; 1 (1)               ; 0 (0)                     ; 0                 ; 0          ; 0    ; 0            ; |statistic|test_datapath:dpath|adder_bits_n:sumr|full_adder:\FA:1:FA_i ; full_adder    ; work         ;
;          |full_adder:\FA:2:FA_i| ; 2 (2)               ; 0 (0)                     ; 0                 ; 0          ; 0    ; 0            ; |statistic|test_datapath:dpath|adder_bits_n:sumr|full_adder:\FA:2:FA_i ; full_adder    ; work         ;
;          |full_adder:\FA:3:FA_i| ; 1 (1)               ; 0 (0)                     ; 0                 ; 0          ; 0    ; 0            ; |statistic|test_datapath:dpath|adder_bits_n:sumr|full_adder:\FA:3:FA_i ; full_adder    ; work         ;
;       |muxsel:mux1|              ; 4 (4)               ; 0 (0)                     ; 0                 ; 0          ; 0    ; 0            ; |statistic|test_datapath:dpath|muxsel:mux1                             ; muxsel        ; work         ;
;       |muxsel:mux2|              ; 4 (4)               ; 0 (0)                     ; 0                 ; 0          ; 0    ; 0            ; |statistic|test_datapath:dpath|muxsel:mux2                             ; muxsel        ; work         ;
;       |muxsel:mux3|              ; 4 (4)               ; 0 (0)                     ; 0                 ; 0          ; 0    ; 0            ; |statistic|test_datapath:dpath|muxsel:mux3                             ; muxsel        ; work         ;
;       |myregister:reg1|          ; 0 (0)               ; 4 (4)                     ; 0                 ; 0          ; 0    ; 0            ; |statistic|test_datapath:dpath|myregister:reg1                         ; myregister    ; work         ;
;       |myregister:reg2|          ; 0 (0)               ; 4 (4)                     ; 0                 ; 0          ; 0    ; 0            ; |statistic|test_datapath:dpath|myregister:reg2                         ; myregister    ; work         ;
;       |myregister:reg3|          ; 0 (0)               ; 4 (4)                     ; 0                 ; 0          ; 0    ; 0            ; |statistic|test_datapath:dpath|myregister:reg3                         ; myregister    ; work         ;
;       |myregister:reg4|          ; 3 (3)               ; 6 (6)                     ; 0                 ; 0          ; 0    ; 0            ; |statistic|test_datapath:dpath|myregister:reg4                         ; myregister    ; work         ;
;       |up_counter:upc|           ; 3 (3)               ; 3 (3)                     ; 0                 ; 0          ; 0    ; 0            ; |statistic|test_datapath:dpath|up_counter:upc                          ; up_counter    ; work         ;
+----------------------------------+---------------------+---------------------------+-------------------+------------+------+--------------+------------------------------------------------------------------------+---------------+--------------+
Note: For table entries with two numbers listed, the numbers in parentheses indicate the number of resources of the given type used by the specific entity alone. The numbers listed outside of parentheses indicate the total resources of the given type used by the specific entity and all of its sub-entities in the hierarchy.


+---------------------------------------------------------------------------------+
; Registers Removed During Synthesis                                              ;
+----------------------------------------+----------------------------------------+
; Register name                          ; Reason for Removal                     ;
+----------------------------------------+----------------------------------------+
; controller:contr|state[2,4..9,11..31]  ; Merged with controller:contr|state[10] ;
; controller:contr|state[10]             ; Stuck at GND due to stuck port data_in ;
; Total Number of Removed Registers = 29 ;                                        ;
+----------------------------------------+----------------------------------------+


+------------------------------------------------------+
; General Register Statistics                          ;
+----------------------------------------------+-------+
; Statistic                                    ; Value ;
+----------------------------------------------+-------+
; Total registers                              ; 33    ;
; Number of registers using Synchronous Clear  ; 0     ;
; Number of registers using Synchronous Load   ; 0     ;
; Number of registers using Asynchronous Clear ; 29    ;
; Number of registers using Asynchronous Load  ; 0     ;
; Number of registers using Clock Enable       ; 23    ;
; Number of registers using Preset             ; 0     ;
+----------------------------------------------+-------+


+---------------------------------------------------------------------------------------------------------------------------------------------------------------+
; Multiplexer Restructuring Statistics (Restructuring Performed)                                                                                                ;
+--------------------+-----------+---------------+----------------------+------------------------+------------+-------------------------------------------------+
; Multiplexer Inputs ; Bus Width ; Baseline Area ; Area if Restructured ; Saving if Restructured ; Registered ; Example Multiplexer Output                      ;
+--------------------+-----------+---------------+----------------------+------------------------+------------+-------------------------------------------------+
; 4:1                ; 2 bits    ; 4 LEs         ; 4 LEs                ; 0 LEs                  ; Yes        ; |statistic|controller:contr|s2                  ;
; 10:1               ; 4 bits    ; 24 LEs        ; 20 LEs               ; 4 LEs                  ; Yes        ; |statistic|controller:contr|state[0]            ;
; 4:1                ; 4 bits    ; 8 LEs         ; 8 LEs                ; 0 LEs                  ; No         ; |statistic|test_datapath:dpath|muxsel:mux1|Mux3 ;
+--------------------+-----------+---------------+----------------------+------------------------+------------+-------------------------------------------------+


+---------------------------------------------------------------------------+
; Parameter Settings for User Entity Instance: Top-level Entity: |statistic ;
+----------------+-------+--------------------------------------------------+
; Parameter Name ; Value ; Type                                             ;
+----------------+-------+--------------------------------------------------+
; n              ; 4     ; Signed Integer                                   ;
; k              ; 4     ; Signed Integer                                   ;
; m              ; 2     ; Signed Integer                                   ;
+----------------+-------+--------------------------------------------------+
Note: In order to hide this table in the UI and the text report file, please set the "Show Parameter Settings in Synthesis Report" option in "Analysis and Synthesis Settings -> More Settings" to "Off".


+------------------------------------------------------------------+
; Parameter Settings for User Entity Instance: test_datapath:dpath ;
+----------------+-------+-----------------------------------------+
; Parameter Name ; Value ; Type                                    ;
+----------------+-------+-----------------------------------------+
; n              ; 4     ; Signed Integer                          ;
; k              ; 4     ; Signed Integer                          ;
; m              ; 2     ; Signed Integer                          ;
+----------------+-------+-----------------------------------------+
Note: In order to hide this table in the UI and the text report file, please set the "Show Parameter Settings in Synthesis Report" option in "Analysis and Synthesis Settings -> More Settings" to "Off".


+------------------------------------------------------------------------------+
; Parameter Settings for User Entity Instance: test_datapath:dpath|muxsel:mux1 ;
+----------------+-------+-----------------------------------------------------+
; Parameter Name ; Value ; Type                                                ;
+----------------+-------+-----------------------------------------------------+
; n              ; 4     ; Signed Integer                                      ;
; d_val          ; '0'   ; Enumerated                                          ;
+----------------+-------+-----------------------------------------------------+
Note: In order to hide this table in the UI and the text report file, please set the "Show Parameter Settings in Synthesis Report" option in "Analysis and Synthesis Settings -> More Settings" to "Off".


+------------------------------------------------------------------------------+
; Parameter Settings for User Entity Instance: test_datapath:dpath|muxsel:mux2 ;
+----------------+-------+-----------------------------------------------------+
; Parameter Name ; Value ; Type                                                ;
+----------------+-------+-----------------------------------------------------+
; n              ; 4     ; Signed Integer                                      ;
; d_val          ; '0'   ; Enumerated                                          ;
+----------------+-------+-----------------------------------------------------+
Note: In order to hide this table in the UI and the text report file, please set the "Show Parameter Settings in Synthesis Report" option in "Analysis and Synthesis Settings -> More Settings" to "Off".


+------------------------------------------------------------------------------+
; Parameter Settings for User Entity Instance: test_datapath:dpath|muxsel:mux3 ;
+----------------+-------+-----------------------------------------------------+
; Parameter Name ; Value ; Type                                                ;
+----------------+-------+-----------------------------------------------------+
; n              ; 4     ; Signed Integer                                      ;
; d_val          ; '0'   ; Enumerated                                          ;
+----------------+-------+-----------------------------------------------------+
Note: In order to hide this table in the UI and the text report file, please set the "Show Parameter Settings in Synthesis Report" option in "Analysis and Synthesis Settings -> More Settings" to "Off".


+----------------------------------------------------------------------------------+
; Parameter Settings for User Entity Instance: test_datapath:dpath|myregister:reg1 ;
+----------------+-------+---------------------------------------------------------+
; Parameter Name ; Value ; Type                                                    ;
+----------------+-------+---------------------------------------------------------+
; n              ; 4     ; Signed Integer                                          ;
+----------------+-------+---------------------------------------------------------+
Note: In order to hide this table in the UI and the text report file, please set the "Show Parameter Settings in Synthesis Report" option in "Analysis and Synthesis Settings -> More Settings" to "Off".


+----------------------------------------------------------------------------------+
; Parameter Settings for User Entity Instance: test_datapath:dpath|myregister:reg2 ;
+----------------+-------+---------------------------------------------------------+
; Parameter Name ; Value ; Type                                                    ;
+----------------+-------+---------------------------------------------------------+
; n              ; 4     ; Signed Integer                                          ;
+----------------+-------+---------------------------------------------------------+
Note: In order to hide this table in the UI and the text report file, please set the "Show Parameter Settings in Synthesis Report" option in "Analysis and Synthesis Settings -> More Settings" to "Off".


+----------------------------------------------------------------------------------+
; Parameter Settings for User Entity Instance: test_datapath:dpath|myregister:reg3 ;
+----------------+-------+---------------------------------------------------------+
; Parameter Name ; Value ; Type                                                    ;
+----------------+-------+---------------------------------------------------------+
; n              ; 4     ; Signed Integer                                          ;
+----------------+-------+---------------------------------------------------------+
Note: In order to hide this table in the UI and the text report file, please set the "Show Parameter Settings in Synthesis Report" option in "Analysis and Synthesis Settings -> More Settings" to "Off".


+------------------------------------------------------------------------------------+
; Parameter Settings for User Entity Instance: test_datapath:dpath|adder_bits_n:sumr ;
+----------------+-------+-----------------------------------------------------------+
; Parameter Name ; Value ; Type                                                      ;
+----------------+-------+-----------------------------------------------------------+
; n              ; 6     ; Signed Integer                                            ;
+----------------+-------+-----------------------------------------------------------+
Note: In order to hide this table in the UI and the text report file, please set the "Show Parameter Settings in Synthesis Report" option in "Analysis and Synthesis Settings -> More Settings" to "Off".


+----------------------------------------------------------------------------------+
; Parameter Settings for User Entity Instance: test_datapath:dpath|myregister:reg4 ;
+----------------+-------+---------------------------------------------------------+
; Parameter Name ; Value ; Type                                                    ;
+----------------+-------+---------------------------------------------------------+
; n              ; 6     ; Signed Integer                                          ;
+----------------+-------+---------------------------------------------------------+
Note: In order to hide this table in the UI and the text report file, please set the "Show Parameter Settings in Synthesis Report" option in "Analysis and Synthesis Settings -> More Settings" to "Off".


+---------------------------------------------------------------------------------+
; Parameter Settings for User Entity Instance: test_datapath:dpath|up_counter:upc ;
+----------------+-------+--------------------------------------------------------+
; Parameter Name ; Value ; Type                                                   ;
+----------------+-------+--------------------------------------------------------+
; n              ; 3     ; Signed Integer                                         ;
+----------------+-------+--------------------------------------------------------+
Note: In order to hide this table in the UI and the text report file, please set the "Show Parameter Settings in Synthesis Report" option in "Analysis and Synthesis Settings -> More Settings" to "Off".


+----------------------------------------------------------------+
; Port Connectivity Checks: "test_datapath:dpath|up_counter:upc" ;
+--------+-------+----------+------------------------------------+
; Port   ; Type  ; Severity ; Details                            ;
+--------+-------+----------+------------------------------------+
; enable ; Input ; Info     ; Stuck at VCC                       ;
+--------+-------+----------+------------------------------------+


+-------------------------------------------------------------------------------------------------------------------+
; Port Connectivity Checks: "test_datapath:dpath|adder_bits_n:sumr"                                                 ;
+---------+--------+----------+-------------------------------------------------------------------------------------+
; Port    ; Type   ; Severity ; Details                                                                             ;
+---------+--------+----------+-------------------------------------------------------------------------------------+
; cin     ; Input  ; Info     ; Stuck at GND                                                                        ;
; b[5..4] ; Input  ; Info     ; Stuck at GND                                                                        ;
; cout    ; Output ; Info     ; Connected to dangling logic. Logic that only feeds a dangling port will be removed. ;
+---------+--------+----------+-------------------------------------------------------------------------------------+


+-------------------------------------------------------------+
; Port Connectivity Checks: "test_datapath:dpath|muxsel:mux3" ;
+------+-------+----------+-----------------------------------+
; Port ; Type  ; Severity ; Details                           ;
+------+-------+----------+-----------------------------------+
; i3   ; Input ; Info     ; Stuck at GND                      ;
; i4   ; Input ; Info     ; Stuck at GND                      ;
; s4   ; Input ; Info     ; Stuck at GND                      ;
+------+-------+----------+-----------------------------------+


+-------------------------------------------------------------+
; Port Connectivity Checks: "test_datapath:dpath|muxsel:mux2" ;
+------+-------+----------+-----------------------------------+
; Port ; Type  ; Severity ; Details                           ;
+------+-------+----------+-----------------------------------+
; i3   ; Input ; Info     ; Stuck at GND                      ;
; i4   ; Input ; Info     ; Stuck at GND                      ;
; s4   ; Input ; Info     ; Stuck at GND                      ;
+------+-------+----------+-----------------------------------+


+-------------------------------------------------------------+
; Port Connectivity Checks: "test_datapath:dpath|muxsel:mux1" ;
+------+-------+----------+-----------------------------------+
; Port ; Type  ; Severity ; Details                           ;
+------+-------+----------+-----------------------------------+
; s2   ; Input ; Info     ; Stuck at GND                      ;
+------+-------+----------+-----------------------------------+


+-----------------------------------------------------+
; Post-Synthesis Netlist Statistics for Top Partition ;
+-----------------------+-----------------------------+
; Type                  ; Count                       ;
+-----------------------+-----------------------------+
; arriav_ff             ; 33                          ;
;     CLR               ; 7                           ;
;     ENA               ; 1                           ;
;     ENA CLR           ; 22                          ;
;     plain             ; 3                           ;
; arriav_lcell_comb     ; 48                          ;
;     extend            ; 1                           ;
;         7 data inputs ; 1                           ;
;     normal            ; 47                          ;
;         1 data inputs ; 1                           ;
;         2 data inputs ; 2                           ;
;         3 data inputs ; 16                          ;
;         4 data inputs ; 8                           ;
;         5 data inputs ; 4                           ;
;         6 data inputs ; 16                          ;
; boundary_port         ; 14                          ;
;                       ;                             ;
; Max LUT depth         ; 4.00                        ;
; Average LUT depth     ; 2.32                        ;
+-----------------------+-----------------------------+


+-------------------------------+
; Elapsed Time Per Partition    ;
+----------------+--------------+
; Partition Name ; Elapsed Time ;
+----------------+--------------+
; Top            ; 00:00:01     ;
+----------------+--------------+


+-------------------------------+
; Analysis & Synthesis Messages ;
+-------------------------------+
Info: *******************************************************************
Info: Running Quartus Prime Analysis & Synthesis
    Info: Version 18.1.0 Build 625 09/12/2018 SJ Lite Edition
    Info: Processing started: Fri Mar 20 15:27:36 2020
Info: Command: quartus_map --read_settings_files=on --write_settings_files=off Statistic -c Statistic
Warning (18236): Number of processors has not been specified which may cause overloading on shared machines.  Set the global assignment NUM_PARALLEL_PROCESSORS in your QSF to an appropriate value for best performance.
Info (20030): Parallel compilation is enabled and will use 2 of the 2 processors detected
Info (12021): Found 3 design units, including 1 entities, in source file muxsel.vhd
    Info (12022): Found design unit 1: muxsel-mux2sel File: E:/Tugas/Semester_4/psd class/hw1/muxsel.vhd Line: 18
    Info (12022): Found design unit 2: muxsel-mux4sel File: E:/Tugas/Semester_4/psd class/hw1/muxsel.vhd Line: 23
    Info (12023): Found entity 1: muxsel File: E:/Tugas/Semester_4/psd class/hw1/muxsel.vhd Line: 4
Info (12021): Found 2 design units, including 1 entities, in source file test_datapath.vhd
    Info (12022): Found design unit 1: test_datapath-behv File: E:/Tugas/Semester_4/psd class/hw1/test_datapath.vhd Line: 27
    Info (12023): Found entity 1: test_datapath File: E:/Tugas/Semester_4/psd class/hw1/test_datapath.vhd Line: 15
Info (12021): Found 2 design units, including 1 entities, in source file myregister.vhd
    Info (12022): Found design unit 1: myregister-reg File: E:/Tugas/Semester_4/psd class/hw1/myregister.vhd Line: 12
    Info (12023): Found entity 1: myregister File: E:/Tugas/Semester_4/psd class/hw1/myregister.vhd Line: 6
Info (12021): Found 2 design units, including 1 entities, in source file adder_bits_n.vhd
    Info (12022): Found design unit 1: adder_bits_n-behv File: E:/Tugas/Semester_4/psd class/hw1/adder_bits_n.vhd Line: 14
    Info (12023): Found entity 1: adder_bits_n File: E:/Tugas/Semester_4/psd class/hw1/adder_bits_n.vhd Line: 6
Info (12021): Found 2 design units, including 1 entities, in source file full_adder.vhd
    Info (12022): Found design unit 1: full_adder-rtl File: E:/Tugas/Semester_4/psd class/hw1/full_adder.vhd Line: 16
    Info (12023): Found entity 1: full_adder File: E:/Tugas/Semester_4/psd class/hw1/full_adder.vhd Line: 5
Info (12021): Found 2 design units, including 1 entities, in source file up_counter.vhd
    Info (12022): Found design unit 1: up_counter-rtl File: E:/Tugas/Semester_4/psd class/hw1/up_counter.vhd Line: 15
    Info (12023): Found entity 1: up_counter File: E:/Tugas/Semester_4/psd class/hw1/up_counter.vhd Line: 5
Info (12021): Found 2 design units, including 1 entities, in source file controller.vhd
    Info (12022): Found design unit 1: controller-acon File: E:/Tugas/Semester_4/psd class/hw1/controller.vhd Line: 12
    Info (12023): Found entity 1: controller File: E:/Tugas/Semester_4/psd class/hw1/controller.vhd Line: 5
Info (12021): Found 2 design units, including 1 entities, in source file statistic.vhd
    Info (12022): Found design unit 1: statistic-stat File: E:/Tugas/Semester_4/psd class/hw1/statistic.vhd Line: 19
    Info (12023): Found entity 1: statistic File: E:/Tugas/Semester_4/psd class/hw1/statistic.vhd Line: 6
Info (12127): Elaborating entity "statistic" for the top level hierarchy
Info (12128): Elaborating entity "test_datapath" for hierarchy "test_datapath:dpath" File: E:/Tugas/Semester_4/psd class/hw1/statistic.vhd Line: 46
Warning (10036): Verilog HDL or VHDL warning at test_datapath.vhd(58): object "cout" assigned a value but never read File: E:/Tugas/Semester_4/psd class/hw1/test_datapath.vhd Line: 58
Info (12129): Elaborating entity "muxsel" using architecture "A:mux4sel" for hierarchy "test_datapath:dpath|muxsel:mux1" File: E:/Tugas/Semester_4/psd class/hw1/test_datapath.vhd Line: 71
Info (12129): Elaborating entity "muxsel" using architecture "A:mux2sel" for hierarchy "test_datapath:dpath|muxsel:mux2" File: E:/Tugas/Semester_4/psd class/hw1/test_datapath.vhd Line: 72
Info (10041): Inferred latch for "O[0]" at muxsel.vhd(20) File: E:/Tugas/Semester_4/psd class/hw1/muxsel.vhd Line: 20
Info (10041): Inferred latch for "O[1]" at muxsel.vhd(20) File: E:/Tugas/Semester_4/psd class/hw1/muxsel.vhd Line: 20
Info (10041): Inferred latch for "O[2]" at muxsel.vhd(20) File: E:/Tugas/Semester_4/psd class/hw1/muxsel.vhd Line: 20
Info (10041): Inferred latch for "O[3]" at muxsel.vhd(20) File: E:/Tugas/Semester_4/psd class/hw1/muxsel.vhd Line: 20
Info (12128): Elaborating entity "myregister" for hierarchy "test_datapath:dpath|myregister:reg1" File: E:/Tugas/Semester_4/psd class/hw1/test_datapath.vhd Line: 74
Info (12128): Elaborating entity "adder_bits_n" for hierarchy "test_datapath:dpath|adder_bits_n:sumr" File: E:/Tugas/Semester_4/psd class/hw1/test_datapath.vhd Line: 77
Info (12128): Elaborating entity "full_adder" for hierarchy "test_datapath:dpath|adder_bits_n:sumr|full_adder:\FA:0:FA_i" File: E:/Tugas/Semester_4/psd class/hw1/adder_bits_n.vhd Line: 22
Info (12128): Elaborating entity "myregister" for hierarchy "test_datapath:dpath|myregister:reg4" File: E:/Tugas/Semester_4/psd class/hw1/test_datapath.vhd Line: 78
Info (12128): Elaborating entity "up_counter" for hierarchy "test_datapath:dpath|up_counter:upc" File: E:/Tugas/Semester_4/psd class/hw1/test_datapath.vhd Line: 79
Info (12128): Elaborating entity "controller" for hierarchy "controller:contr" File: E:/Tugas/Semester_4/psd class/hw1/statistic.vhd Line: 47
Info (286030): Timing-Driven Synthesis is running
Info (16010): Generating hard_block partition "hard_block:auto_generated_inst"
    Info (16011): Adding 0 node(s), including 0 DDIO, 0 PLL, 0 transceiver and 0 LCELL
Info (21057): Implemented 72 device resources after synthesis - the final resource count might be different
    Info (21058): Implemented 9 input pins
    Info (21059): Implemented 5 output pins
    Info (21061): Implemented 58 logic cells
Info: Quartus Prime Analysis & Synthesis was successful. 0 errors, 2 warnings
    Info: Peak virtual memory: 4890 megabytes
    Info: Processing ended: Fri Mar 20 15:28:08 2020
    Info: Elapsed time: 00:00:32
    Info: Total CPU time (on all processors): 00:00:53


